6
4
5
6
7
0
9
1
3
3
2
5
2
6
8
3
2
7
9
6
7
6
3
8
7
7
8
8
10
5
6
3
10
3
13
0
9
1
1
2
4
3
2
7
1
2
2
5
3
2
7
9
6
7
6
3
8
7
7
8
8
10
4
2
2
8
10
3
9
7
5
8

6
5
10
8
8
9
6
8
1
13
3
0
0
0
7
2
1
6
1
7
7
8
8
8
6
3
8
7
7
8
8
10
5
6
4
2
9
7
10
10
2
9
5
5
4
7
6
9
3
13
0
0
0
7
2
1
6
1
7
7
8
8
8
6
3
8
7
7
8
8
10
4
2
2
9
2
9
7
12
12
2
9
5
5
4
8
2
2
6
3
9

5
7
1
5
1
10
10
6
5
5
10
5
1
4
6
5
4
5
7
1
5
1
10
10
6
5
5
10
6
2
3
3
2
6
5
2
3
6
6
3
9
4
4
8
8
1
0
5
7
9
9
6
7
3
3
0
0
0
15
3
6
6
3
9
4
5
5
6
6
3
9
4
5
9
1
7
6
8
8
9
6
8
11
6
1
4
6
3
7
1
2
4
5
3
3
11
16
10
3
4
5
7
2
5
12
1
6
4
1
4
7
5
3
1
7
7
3
3
0
0
0
0
0
0
0
4
2
4
7
0
7
1
9
13
6
7
5
5
7
7
1
7
4
2
4
7
0
7
1
6
8
7
1
7
6
7
3
8
7
8
8
6
3
8
7
7
8
8
10
5
6
4
9
0
3
13
0
0
0
0
0
0
0
14
7
4
6
5
4
3
4
3
2
1
9
14
2
2
10
5
5
7
7
1
7
14
7
4
6
5
4
3
4
3
2
1
6
8
8
6
3
8
7
7
8
8
10
4
2
2
9
9
3
13
0
0
0
0
0
0
0
11
0
8
4
8
8
13
0
0
0
0
0
0
0
13
6
3
6
8
2
9
3
7
1
3
13
0
0
0
0
0
0
0
14
2
2
8
6
8
2
9
3
7
1
3
13
0
0
0
4
0

Pascal
386
